sample.interval=20000
".rs.environment.isSuspendableImpl" "doTryCatch" "tryCatchOne" "tryCatchList" "tryCatch" ".rs.environment.isSuspendable" 
"order" "factor" "as.factor" 
"order" "factor" "as.factor" 
"order" "factor" "as.factor" 
"order" "factor" "as.factor" 
"order" "factor" "as.factor" 
"order" "factor" "as.factor" 
"order" "factor" "as.factor" 
"order" "factor" "as.factor" 
"order" "factor" "as.factor" 
"order" "factor" "as.factor" 
"order" "factor" "as.factor" 
"order" "factor" "as.factor" 
"order" "factor" "as.factor" 
"order" "factor" "as.factor" 
"order" "factor" "as.factor" 
"order" "factor" "as.factor" 
"order" "factor" "as.factor" 
"order" "factor" "as.factor" 
"order" "factor" "as.factor" 
"order" "factor" "as.factor" 
"order" "factor" "as.factor" 
"order" "factor" "as.factor" 
"order" "factor" "as.factor" 
"order" "factor" "as.factor" 
"order" "factor" "as.factor" 
"order" "factor" "as.factor" 
"structure" "object.size" ".rs.describeObject" 
".Call" ".rs.isBrowserActive" ".rs.reticulate.replIsActive" 
"nth" "first" ".Call" "eval" "mask$eval_all_summarise" "FUN" "lapply" "map" "withCallingHandlers" "summarise_cols" "summarise.grouped_df" "summarise" ".External2" "%>%" 
